Wed Mar 27 11:18:02 MDT 2019 [1m/home/dantopa/.mybash(B[m
Wed Mar 27 11:18:03 MDT 2019, [1m/scratch/users/dantopa/repos/gitlab/bash-scripts/core-scripts/platforms.sh(B[m
attempting to mkdir /scratch/users/dantopa/repos/gitlab/node-queries/darwin/general-cn145/dir-configuration
directory of core scripts = ${core} = /scratch/users/dantopa/repos/gitlab/bash-scripts/core-scripts
Wed Mar 27 11:18:03 MDT 2019, [1m/scratch/users/dantopa/repos/gitlab/bash-scripts/core-scripts/master.sh(B[m
Wed Mar 27 11:18:03 MDT 2019, [1m/scratch/users/dantopa/repos/gitlab/bash-scripts/core-scripts/info.sh(B[m
Wed Mar 27 11:18:03 MDT 2019, [1m/scratch/users/dantopa/repos/gitlab/bash-scripts/core-scripts/info-proc.sh(B[m
Wed Mar 27 11:18:03 MDT 2019, [1m/scratch/users/dantopa/repos/gitlab/bash-scripts/core-scripts/slurm.sh(B[m
Wed Mar 27 11:18:03 MDT 2019, [1m/scratch/users/dantopa/repos/gitlab/bash-scripts/core-scripts/gcc.sh(B[m
Wed Mar 27 11:18:03 MDT 2019, [1m/scratch/users/dantopa/repos/gitlab/bash-scripts/core-scripts/info-git.sh(B[m
Wed Mar 27 11:18:03 MDT 2019, [1m/scratch/users/dantopa/repos/gitlab/bash-scripts/core-scripts/info-slurm.sh(B[m
/scratch/users/dantopa/repos/gitlab/bash-scripts/core-scripts/info-git.sh: line 5: gonode: command not found
Wed Mar 27 11:18:03 MDT 2019, [1m/scratch/users/dantopa/repos/gitlab/bash-scripts/core-scripts/git.sh(B[m
Wed Mar 27 11:18:03 MDT 2019, [1m/scratch/users/dantopa/repos/gitlab/bash-scripts/core-scripts/slurm.sh(B[m
Wed Mar 27 11:18:03 MDT 2019, [1m/scratch/users/dantopa/repos/gitlab/bash-scripts/core-scripts/ssh.sh(B[m
Wed Mar 27 11:18:03 MDT 2019, [1m/scratch/users/dantopa/repos/gitlab/bash-scripts/core-scripts/vim.sh(B[m
Wed Mar 27 11:18:03 MDT 2019, [1m/scratch/users/dantopa/repos/gitlab/bash-scripts/core-scripts/bash.sh(B[m
Wed Mar 27 11:18:03 MDT 2019, [1m/scratch/users/dantopa/repos/gitlab/bash-scripts/core-scripts/finds.sh(B[m
/scratch/users/dantopa/repos/gitlab/bash-scripts/core-scripts/info-slurm.sh: line 33: sinfo_s: command not found
Wed Mar 27 11:18:03 MDT 2019, [1m/scratch/users/dantopa/repos/gitlab/bash-scripts/core-scripts/cmake.sh(B[m
Wed Mar 27 11:18:03 MDT 2019, [1m/scratch/users/dantopa/repos/gitlab/bash-scripts/core-scripts/fortran.sh(B[m
Wed Mar 27 11:18:03 MDT 2019, [1m/scratch/users/dantopa/repos/gitlab/bash-scripts/core-scripts/copy-configuration.sh(B[m
Wed Mar 27 11:18:03 MDT 2019, [1m/scratch/users/dantopa/repos/gitlab/bash-scripts/core-scripts/bookmarks.sh(B[m
Wed Mar 27 11:18:03 MDT 2019, [1m/scratch/users/dantopa/repos/gitlab/bash-scripts/core-scripts/bookmarks-bitbucket.sh(B[m
Wed Mar 27 11:18:03 MDT 2019, [1m/scratch/users/dantopa/repos/gitlab/bash-scripts/core-scripts/bookmarks-github.sh(B[m
Wed Mar 27 11:18:03 MDT 2019, [1m/scratch/users/dantopa/repos/gitlab/bash-scripts/core-scripts/bookmarks-gitlab.sh(B[m
Wed Mar 27 11:18:03 MDT 2019, [1m/scratch/users/dantopa/repos/gitlab/bash-scripts/core-scripts/disk.sh(B[m
Wed Mar 27 11:18:03 MDT 2019, [1m/scratch/users/dantopa/repos/gitlab/bash-scripts/core-scripts/info.sh(B[m
Wed Mar 27 11:18:03 MDT 2019, [1m/scratch/users/dantopa/repos/gitlab/bash-scripts/core-scripts/info-proc.sh(B[m
Wed Mar 27 11:18:03 MDT 2019, [1m/scratch/users/dantopa/repos/gitlab/bash-scripts/core-scripts/slurm.sh(B[m
Wed Mar 27 11:18:03 MDT 2019, [1m/scratch/users/dantopa/repos/gitlab/bash-scripts/core-scripts/info-git.sh(B[m
Wed Mar 27 11:18:03 MDT 2019, [1m/scratch/users/dantopa/repos/gitlab/bash-scripts/core-scripts/info-slurm.sh(B[m
/scratch/users/dantopa/repos/gitlab/bash-scripts/core-scripts/info-git.sh: line 5: gonode: command not found
fatal: Unable to create '/scratch/users/dantopa/new-spack/pr-openmpi-4.0.1.spack/.git/index.lock': File exists.

If no other git process is currently running, this probably means a
git process crashed in this repository earlier. Make sure no other git
process is running and remove the file manually to continue.
Wed Mar 27 11:18:03 MDT 2019, [1m/scratch/users/dantopa/repos/gitlab/bash-scripts/core-scripts/slurm.sh(B[m
Wed Mar 27 11:18:03 MDT 2019, [1m/scratch/users/dantopa/repos/gitlab/bash-scripts/core-scripts/uname.sh(B[m
Wed Mar 27 11:18:03 MDT 2019, [1m/scratch/users/dantopa/repos/gitlab/bash-scripts/core-scripts/spack.sh(B[m
fatal: Unable to create '/scratch/users/dantopa/new-spack/pr-openmpi-4.0.1.spack/.git/index.lock': File exists.

If no other git process is currently running, this probably means a
git process crashed in this repository earlier. Make sure no other git
process is running and remove the file manually to continue.
Wed Mar 27 11:18:03 MDT 2019, [1m/scratch/users/dantopa/repos/gitlab/bash-scripts/core-scripts/modules.sh(B[m
Wed Mar 27 11:18:03 MDT 2019, [1m/scratch/users/dantopa/repos/gitlab/bash-scripts/core-scripts/alias.sh(B[m
Wed Mar 27 11:18:03 MDT 2019, [1m/scratch/users/dantopa/repos/gitlab/bash-scripts/core-scripts/environment.sh(B[m
/scratch/users/dantopa/repos/gitlab/bash-scripts/core-scripts/environment.sh: line 11: myprompt: command not found
/scratch/users/dantopa/repos/gitlab/bash-scripts/core-scripts/info-slurm.sh: line 33: sinfo_s: command not found
[develop 2702a8d] darwin-general-cn145 Wed Mar 27 11:18:04 MDT 2019
 5 files changed, 423 insertions(+), 63 deletions(-)
 create mode 100644 etc/spack/defaults/compilers.yaml
 create mode 100644 etc/spack/defaults/darwin-general-batch.out
 create mode 100644 etc/spack/defaults/mirrors.yaml
 rewrite etc/spack/defaults/packages.yaml (66%)
Wed Mar 27 11:18:11 MDT 2019 /tmp/slurmd/job5128668/slurm_script
==> Removing all temporary build stages
==> Removing cached downloads
==> Removing cached information on repositories
==> Removing python cache files
spack install openmpi@4.0.1 % gcc@4.8.5 arch=linux-centos7-x86_64
==> libtool@2.4.6 : externally installed in /usr
==> libtool@2.4.6 : generating module file
==> libtool@2.4.6 : registering into DB
==> pkg-config@0.29.2 : externally installed in /usr
==> pkg-config@0.29.2 : generating module file
==> pkg-config@0.29.2 : registering into DB
==> Installing util-macros
==> Searching for binary cache of util-macros
==> Finding buildcaches in /usr/projects/draco/vendors/spack.mirror/build_cache
==> No binary for util-macros found: installing from source
==> Fetching file:///usr/projects/draco/vendors/spack.mirror/util-macros/util-macros-1.19.1.tar.bz2
==> Staging archive: /scratch/users/dantopa/new-spack/pr-openmpi-4.0.1.spack/var/spack/stage/util-macros-1.19.1-p66qdrtaslf2cq4wyc6mitrxzhnyujhc/util-macros-1.19.1.tar.bz2
==> Created stage in /scratch/users/dantopa/new-spack/pr-openmpi-4.0.1.spack/var/spack/stage/util-macros-1.19.1-p66qdrtaslf2cq4wyc6mitrxzhnyujhc
==> No patches needed for util-macros
==> Building util-macros [AutotoolsPackage]
==> Executing phase: 'autoreconf'
==> Executing phase: 'configure'
==> Executing phase: 'build'
==> Executing phase: 'install'
==> Successfully installed util-macros
  Fetch: 0.16s.  Build: 1.49s.  Total: 1.65s.
[+] /scratch/users/dantopa/new-spack/pr-openmpi-4.0.1.spack/opt/spack/linux-centos7-x86_64/gcc-4.8.5/util-macros-1.19.1-p66qdrtaslf2cq4wyc6mitrxzhnyujhc
==> Installing libpciaccess
==> Searching for binary cache of libpciaccess
==> Finding buildcaches in /usr/projects/draco/vendors/spack.mirror/build_cache
==> No binary for libpciaccess found: installing from source
==> Fetching file:///usr/projects/draco/vendors/spack.mirror/libpciaccess/libpciaccess-0.13.5.tar.gz
==> Staging archive: /scratch/users/dantopa/new-spack/pr-openmpi-4.0.1.spack/var/spack/stage/libpciaccess-0.13.5-5chyfxo6gpmcf74gpv3sqni2aa6v5x57/libpciaccess-0.13.5.tar.gz
==> Created stage in /scratch/users/dantopa/new-spack/pr-openmpi-4.0.1.spack/var/spack/stage/libpciaccess-0.13.5-5chyfxo6gpmcf74gpv3sqni2aa6v5x57
==> No patches needed for libpciaccess
==> Building libpciaccess [AutotoolsPackage]
==> Executing phase: 'autoreconf'
==> Executing phase: 'configure'
==> Executing phase: 'build'
==> Executing phase: 'install'
==> Successfully installed libpciaccess
  Fetch: 0.14s.  Build: 6.46s.  Total: 6.60s.
[+] /scratch/users/dantopa/new-spack/pr-openmpi-4.0.1.spack/opt/spack/linux-centos7-x86_64/gcc-4.8.5/libpciaccess-0.13.5-5chyfxo6gpmcf74gpv3sqni2aa6v5x57
==> libxml2@2.9.8 : externally installed in /usr
==> libxml2@2.9.8 : generating module file
==> libxml2@2.9.8 : registering into DB
==> numactl@2.0.12 : externally installed in /usr
==> numactl@2.0.12 : generating module file
==> numactl@2.0.12 : registering into DB
==> Installing hwloc
==> Searching for binary cache of hwloc
==> Finding buildcaches in /usr/projects/draco/vendors/spack.mirror/build_cache
==> No binary for hwloc found: installing from source
==> Fetching file:///usr/projects/draco/vendors/spack.mirror/hwloc/hwloc-1.11.11.tar.gz
==> Staging archive: /scratch/users/dantopa/new-spack/pr-openmpi-4.0.1.spack/var/spack/stage/hwloc-1.11.11-bkkhvejler5rcxoz6mufxxb7fm3qdqbe/hwloc-1.11.11.tar.gz
==> Created stage in /scratch/users/dantopa/new-spack/pr-openmpi-4.0.1.spack/var/spack/stage/hwloc-1.11.11-bkkhvejler5rcxoz6mufxxb7fm3qdqbe
==> No patches needed for hwloc
==> Building hwloc [AutotoolsPackage]
==> Executing phase: 'autoreconf'
==> Executing phase: 'configure'
==> Executing phase: 'build'
==> Executing phase: 'install'
==> Successfully installed hwloc
  Fetch: 0.07s.  Build: 20.90s.  Total: 20.97s.
[+] /scratch/users/dantopa/new-spack/pr-openmpi-4.0.1.spack/opt/spack/linux-centos7-x86_64/gcc-4.8.5/hwloc-1.11.11-bkkhvejler5rcxoz6mufxxb7fm3qdqbe
==> Installing zlib
==> Searching for binary cache of zlib
==> Finding buildcaches in /usr/projects/draco/vendors/spack.mirror/build_cache
==> No binary for zlib found: installing from source
==> Fetching file:///usr/projects/draco/vendors/spack.mirror/zlib/zlib-1.2.11.tar.gz
==> Staging archive: /scratch/users/dantopa/new-spack/pr-openmpi-4.0.1.spack/var/spack/stage/zlib-1.2.11-64vg6e4evdrlqgx7iicwhu2hs7lv6gpz/zlib-1.2.11.tar.gz
==> Created stage in /scratch/users/dantopa/new-spack/pr-openmpi-4.0.1.spack/var/spack/stage/zlib-1.2.11-64vg6e4evdrlqgx7iicwhu2hs7lv6gpz
==> No patches needed for zlib
==> Building zlib [Package]
==> Executing phase: 'install'
==> Successfully installed zlib
  Fetch: 0.13s.  Build: 3.00s.  Total: 3.13s.
[+] /scratch/users/dantopa/new-spack/pr-openmpi-4.0.1.spack/opt/spack/linux-centos7-x86_64/gcc-4.8.5/zlib-1.2.11-64vg6e4evdrlqgx7iicwhu2hs7lv6gpz
==> Installing openmpi
==> Searching for binary cache of openmpi
==> Finding buildcaches in /usr/projects/draco/vendors/spack.mirror/build_cache
==> No binary for openmpi found: installing from source
==> Warning: There is no checksum on file to fetch openmpi@4.0.1 safely.
==> Error: FetchError: Will not fetch openmpi@4.0.1
    Add a checksum or use --no-checksum to skip this check.

/scratch/users/dantopa/new-spack/pr-openmpi-4.0.1.spack/lib/spack/spack/package.py:953, in do_fetch:
        950                    tty.msg("Fetching with no checksum.", ck_msg)
        951
        952            if not ignore_checksum:
  >>    953                raise FetchError("Will not fetch %s" %
        954                                 self.spec.format('$_$@'), ck_msg)
        955
        956        self.stage.create()


Submitted batch job 5128671
